<?xml version="1.0" encoding="UTF-8"?>
<testsuite xmlns:xsi="http://www.w3.org/2001/XMLSchema-instance" xsi:noNamespaceSchemaLocation="https://maven.apache.org/surefire/maven-surefire-plugin/xsd/surefire-test-report-3.0.xsd" version="3.0" name="com.nfsenacional.support.SupportUtilsTest" time="0.053" tests="44" errors="0" skipped="0" failures="0">
  <properties>
[...]
</properties>
  <testcase name="geraCpfValido" classname="com.nfsenacional.support.SupportUtilsTest" time="0.005"/>
  <testcase name="geraCpfValido" classname="com.nfsenacional.support.SupportUtilsTest" time="0.0"/>
  <testcase name="geraCpfValido" classname="com.nfsenacional.support.SupportUtilsTest" time="0.0"/>
  <testcase name="geraCpfValido" classname="com.nfsenacional.support.SupportUtilsTest" time="0.0"/>
  <testcase name="geraCpfValido" classname="com.nfsenacional.support.SupportUtilsTest" time="0.0"/>
  <testcase name="geraCpfValido" classname="com.nfsenacional.support.SupportUtilsTest" time="0.001"/>
  <testcase name="geraCpfValido" classname="com.nfsenacional.support.SupportUtilsTest" time="0.0"/>
  <testcase name="geraCpfValido" classname="com.nfsenacional.support.SupportUtilsTest" time="0.0"/>
  <testcase name="geraCpfValido" classname="com.nfsenacional.support.SupportUtilsTest" time="0.0"/>
  <testcase name="geraCpfValido" classname="com.nfsenacional.support.SupportUtilsTest" time="0.001"/>
  <testcase name="geraCpfValido" classname="com.nfsenacional.support.SupportUtilsTest" time="0.0"/>
  <testcase name="geraCpfValido" classname="com.nfsenacional.support.SupportUtilsTest" time="0.0"/>
  <testcase name="geraCpfValido" classname="com.nfsenacional.support.SupportUtilsTest" time="0.0"/>
  <testcase name="geraCpfValido" classname="com.nfsenacional.support.SupportUtilsTest" time="0.001"/>
  <testcase name="geraCpfValido" classname="com.nfsenacional.support.SupportUtilsTest" time="0.0"/>
  <testcase name="geraCpfValido" classname="com.nfsenacional.support.SupportUtilsTest" time="0.0"/>
  <testcase name="geraCpfValido" classname="com.nfsenacional.support.SupportUtilsTest" time="0.0"/>
  <testcase name="geraCpfValido" classname="com.nfsenacional.support.SupportUtilsTest" time="0.0"/>
  <testcase name="geraCpfValido" classname="com.nfsenacional.support.SupportUtilsTest" time="0.001"/>
  <testcase name="geraCpfValido" classname="com.nfsenacional.support.SupportUtilsTest" time="0.0"/>
  <testcase name="geraIdDpsComCpfUsaTipoInscricao1" classname="com.nfsenacional.support.SupportUtilsTest" time="0.001"/>
  <testcase name="formataCpfCnpjCep" classname="com.nfsenacional.support.SupportUtilsTest" time="0.001"/>
  <testcase name="calculaImpostoArredondado" classname="com.nfsenacional.support.SupportUtilsTest" time="0.0"/>
  <testcase name="geraIdDpsComTamanhoEFormatoCorretos" classname="com.nfsenacional.support.SupportUtilsTest" time="0.0"/>
  <testcase name="geraCnpjValido" classname="com.nfsenacional.support.SupportUtilsTest" time="0.001"/>
  <testcase name="geraCnpjValido" classname="com.nfsenacional.support.SupportUtilsTest" time="0.001"/>
  <testcase name="geraCnpjValido" classname="com.nfsenacional.support.SupportUtilsTest" time="0.001"/>
  <testcase name="geraCnpjValido" classname="com.nfsenacional.support.SupportUtilsTest" time="0.0"/>
  <testcase name="geraCnpjValido" classname="com.nfsenacional.support.SupportUtilsTest" time="0.0"/>
  <testcase name="geraCnpjValido" classname="com.nfsenacional.support.SupportUtilsTest" time="0.0"/>
  <testcase name="geraCnpjValido" classname="com.nfsenacional.support.SupportUtilsTest" time="0.0"/>
  <testcase name="geraCnpjValido" classname="com.nfsenacional.support.SupportUtilsTest" time="0.001"/>
  <testcase name="geraCnpjValido" classname="com.nfsenacional.support.SupportUtilsTest" time="0.0"/>
  <testcase name="geraCnpjValido" classname="com.nfsenacional.support.SupportUtilsTest" time="0.0"/>
  <testcase name="geraCnpjValido" classname="com.nfsenacional.support.SupportUtilsTest" time="0.0"/>
  <testcase name="geraCnpjValido" classname="com.nfsenacional.support.SupportUtilsTest" time="0.001"/>
  <testcase name="geraCnpjValido" classname="com.nfsenacional.support.SupportUtilsTest" time="0.0"/>
  <testcase name="geraCnpjValido" classname="com.nfsenacional.support.SupportUtilsTest" time="0.0"/>
  <testcase name="geraCnpjValido" classname="com.nfsenacional.support.SupportUtilsTest" time="0.0"/>
  <testcase name="geraCnpjValido" classname="com.nfsenacional.support.SupportUtilsTest" time="0.001"/>
  <testcase name="geraCnpjValido" classname="com.nfsenacional.support.SupportUtilsTest" time="0.0"/>
  <testcase name="geraCnpjValido" classname="com.nfsenacional.support.SupportUtilsTest" time="0.0"/>
  <testcase name="geraCnpjValido" classname="com.nfsenacional.support.SupportUtilsTest" time="0.0"/>
  <testcase name="geraCnpjValido" classname="com.nfsenacional.support.SupportUtilsTest" time="0.0"/>
</testsuite>